Determining if the pthread_create exist failed with the following output:
Change Dir: /home/osboxes/workspace/mhlmt_git/catkin_ws/build/CMakeFiles/CMakeTmp

Run Build Command:"/usr/bin/make" "cmTC_908b7/fast"
/usr/bin/make -f CMakeFiles/cmTC_908b7.dir/build.make CMakeFiles/cmTC_908b7.dir/build
make[1]: Entering directory '/home/osboxes/workspace/mhlmt_git/catkin_ws/build/CMakeFiles/CMakeTmp'
Building C object CMakeFiles/cmTC_908b7.dir/CheckSymbolExists.c.o
/usr/bin/cc    -o CMakeFiles/cmTC_908b7.dir/CheckSymbolExists.c.o   -c /home/osboxes/workspace/mhlmt_git/catkin_ws/build/CMakeFiles/CMakeTmp/CheckSymbolExists.c
Linking C executable cmTC_908b7
/usr/bin/cmake -E cmake_link_script CMakeFiles/cmTC_908b7.dir/link.txt --verbose=1
/usr/bin/cc      -rdynamic CMakeFiles/cmTC_908b7.dir/CheckSymbolExists.c.o  -o cmTC_908b7 
CMakeFiles/cmTC_908b7.dir/CheckSymbolExists.c.o: In function `main':
CheckSymbolExists.c:(.text+0x1b): undefined reference to `pthread_create'
collect2: error: ld returned 1 exit status
CMakeFiles/cmTC_908b7.dir/build.make:97: recipe for target 'cmTC_908b7' failed
make[1]: *** [cmTC_908b7] Error 1
make[1]: Leaving directory '/home/osboxes/workspace/mhlmt_git/catkin_ws/build/CMakeFiles/CMakeTmp'
Makefile:126: recipe for target 'cmTC_908b7/fast' failed
make: *** [cmTC_908b7/fast] Error 2

File /home/osboxes/workspace/mhlmt_git/catkin_ws/build/CMakeFiles/CMakeTmp/CheckSymbolExists.c:
/* */
#include <pthread.h>

int main(int argc, char** argv)
{
  (void)argv;
#ifndef pthread_create
  return ((int*)(&pthread_create))[argc];
#else
  (void)argc;
  return 0;
#endif
}

Determining if the function pthread_create exists in the pthreads failed with the following output:
Change Dir: /home/osboxes/workspace/mhlmt_git/catkin_ws/build/CMakeFiles/CMakeTmp

Run Build Command:"/usr/bin/make" "cmTC_ebe36/fast"
/usr/bin/make -f CMakeFiles/cmTC_ebe36.dir/build.make CMakeFiles/cmTC_ebe36.dir/build
make[1]: Entering directory '/home/osboxes/workspace/mhlmt_git/catkin_ws/build/CMakeFiles/CMakeTmp'
Building C object CMakeFiles/cmTC_ebe36.dir/CheckFunctionExists.c.o
/usr/bin/cc   -DCHECK_FUNCTION_EXISTS=pthread_create   -o CMakeFiles/cmTC_ebe36.dir/CheckFunctionExists.c.o   -c /usr/share/cmake-3.10/Modules/CheckFunctionExists.c
Linking C executable cmTC_ebe36
/usr/bin/cmake -E cmake_link_script CMakeFiles/cmTC_ebe36.dir/link.txt --verbose=1
/usr/bin/cc  -DCHECK_FUNCTION_EXISTS=pthread_create    -rdynamic CMakeFiles/cmTC_ebe36.dir/CheckFunctionExists.c.o  -o cmTC_ebe36 -lpthreads 
/usr/bin/ld: cannot find -lpthreads
collect2: error: ld returned 1 exit status
CMakeFiles/cmTC_ebe36.dir/build.make:97: recipe for target 'cmTC_ebe36' failed
make[1]: *** [cmTC_ebe36] Error 1
make[1]: Leaving directory '/home/osboxes/workspace/mhlmt_git/catkin_ws/build/CMakeFiles/CMakeTmp'
Makefile:126: recipe for target 'cmTC_ebe36/fast' failed
make: *** [cmTC_ebe36/fast] Error 2


